<?xml version="1.0" encoding="UTF-8"?>
<!-- Generated by org.testng.reporters.JUnitReportReporter -->
<testsuite hostname="DharmikKarthik" name="MavenExample.PradeepMaven.AppTest" tests="1" failures="0" timestamp="3 Feb 2020 16:47:30 GMT" time="0.015" errors="0">
  <testcase name="testApp" time="0.015" classname="MavenExample.PradeepMaven.AppTest"/>
</testsuite> <!-- MavenExample.PradeepMaven.AppTest -->
